0 info it worked if it ends with ok
1 verbose cli [ 'node', '/usr/local/bin/npm', 'install', 'jqueryui' ]
2 info using npm@1.2.21
3 info using node@v0.10.7
4 verbose read json /Users/jim/Documents/code/picknmix-component/package.json
5 warn package.json picknmix@0.1.0 No repository field.
6 verbose read json /Users/jim/Documents/code/picknmix-component/node_modules/backbone/package.json
7 verbose read json /Users/jim/Documents/code/picknmix-component/node_modules/benchmark/package.json
8 verbose read json /Users/jim/Documents/code/picknmix-component/node_modules/brfs/package.json
9 verbose read json /Users/jim/Documents/code/picknmix-component/node_modules/browserify/package.json
10 verbose read json /Users/jim/Documents/code/picknmix-component/node_modules/express/package.json
11 verbose read json /Users/jim/Documents/code/picknmix-component/node_modules/hogan.js/package.json
12 verbose read json /Users/jim/Documents/code/picknmix-component/node_modules/mocha/package.json
13 verbose read json /Users/jim/Documents/code/picknmix-component/node_modules/sinon/package.json
14 verbose read json /Users/jim/Documents/code/picknmix-component/node_modules/underscore/package.json
15 warn package.json backbone@1.0.0 No repository field.
16 verbose from cache /Users/jim/Documents/code/picknmix-component/package.json
17 verbose readDependencies using package.json deps
18 verbose cache add [ 'jqueryui', null ]
19 verbose cache add name=undefined spec="jqueryui" args=["jqueryui",null]
20 verbose parsed url { protocol: null,
20 verbose parsed url   slashes: null,
20 verbose parsed url   auth: null,
20 verbose parsed url   host: null,
20 verbose parsed url   port: null,
20 verbose parsed url   hostname: null,
20 verbose parsed url   hash: null,
20 verbose parsed url   search: null,
20 verbose parsed url   query: null,
20 verbose parsed url   pathname: 'jqueryui',
20 verbose parsed url   path: 'jqueryui',
20 verbose parsed url   href: 'jqueryui' }
21 silly lockFile b5d01966-jqueryui jqueryui
22 verbose lock jqueryui /Users/jim/.npm/b5d01966-jqueryui.lock
23 silly lockFile b5d01966-jqueryui jqueryui
24 silly lockFile b5d01966-jqueryui jqueryui
25 verbose addNamed [ 'jqueryui', '' ]
26 verbose addNamed [ null, '' ]
27 silly lockFile 7a8dc95f-jqueryui jqueryui@
28 verbose lock jqueryui@ /Users/jim/.npm/7a8dc95f-jqueryui.lock
29 silly addNameRange { name: 'jqueryui', range: '', hasData: false }
30 silly lockFile 7a8dc95f-jqueryui jqueryui@
31 silly lockFile 7a8dc95f-jqueryui jqueryui@
32 error 404 'jqueryui' is not in the npm registry.
32 error 404 You should bug the author to publish it
32 error 404
32 error 404 Note that you can also install from a
32 error 404 tarball, folder, or http url, or git url.
33 error System Darwin 11.4.2
34 error command "node" "/usr/local/bin/npm" "install" "jqueryui"
35 error cwd /Users/jim/Documents/code/picknmix-component
36 error node -v v0.10.7
37 error npm -v 1.2.21
38 error code E404
39 verbose exit [ 1, true ]
